<?xml version="1.0" encoding="UTF-8"?>
<testng-results skipped="0" failed="0" total="1" passed="1">
  <reporter-output>
  </reporter-output>
  <suite name="Suite1" duration-ms="35004" started-at="2016-04-08T18:34:53Z" finished-at="2016-04-08T18:35:28Z">
    <groups>
    </groups>
    <test name="Test1" duration-ms="35004" started-at="2016-04-08T18:34:53Z" finished-at="2016-04-08T18:35:28Z">
      <class name="test.Test03a">
        <test-method status="PASS" signature="setUp()[pri:0, instance:test.Test03a@7b8c6c98]" name="setUp" is-config="true" duration-ms="21858" started-at="2016-04-08T14:34:53Z" finished-at="2016-04-08T14:35:15Z">
          <reporter-output>
          </reporter-output>
        </test-method> <!-- setUp -->
        <test-method status="PASS" signature="SelectRoomInTabletPage()[pri:0, instance:test.Test03a@7b8c6c98]" name="SelectRoomInTabletPage" duration-ms="11568" started-at="2016-04-08T14:35:15Z" finished-at="2016-04-08T14:35:26Z">
          <reporter-output>
          </reporter-output>
        </test-method> <!-- SelectRoomInTabletPage -->
        <test-method status="PASS" signature="tearDown()[pri:0, instance:test.Test03a@7b8c6c98]" name="tearDown" is-config="true" duration-ms="1554" started-at="2016-04-08T14:35:26Z" finished-at="2016-04-08T14:35:28Z">
          <reporter-output>
          </reporter-output>
        </test-method> <!-- tearDown -->
      </class> <!-- test.Test03a -->
    </test> <!-- Test1 -->
  </suite> <!-- Suite1 -->
</testng-results>
